[debug] [2023-06-21T07:45:44.774Z] ----------------------------------------------------------------------
[debug] [2023-06-21T07:45:44.775Z] Command:       /home/santhosh/.nvm/versions/node/v18.10.0/bin/node /home/santhosh/.nvm/versions/node/v18.10.0/bin/firebase init
[debug] [2023-06-21T07:45:44.775Z] CLI Version:   12.3.1
[debug] [2023-06-21T07:45:44.776Z] Platform:      linux
[debug] [2023-06-21T07:45:44.776Z] Node Version:  v18.10.0
[debug] [2023-06-21T07:45:44.776Z] Time:          Wed Jun 21 2023 13:15:44 GMT+0530 (India Standard Time)
[debug] [2023-06-21T07:45:44.776Z] ----------------------------------------------------------------------
[debug] 
[debug] [2023-06-21T07:45:44.780Z] > command requires scopes: ["email","openid","https://www.googleapis.com/auth/cloudplatformprojects.readonly","https://www.googleapis.com/auth/firebase","https://www.googleapis.com/auth/cloud-platform"]
[debug] [2023-06-21T07:45:44.780Z] > authorizing via signed-in user (santhoshprabhakaran02@gmail.com)
[info] 
     ######## #### ########  ######## ########     ###     ######  ########
     ##        ##  ##     ## ##       ##     ##  ##   ##  ##       ##
     ######    ##  ########  ######   ########  #########  ######  ######
     ##        ##  ##    ##  ##       ##     ## ##     ##       ## ##
     ##       #### ##     ## ######## ########  ##     ##  ######  ########

You're about to initialize a Firebase project in this directory:

  /home/santhosh/Documents/workout-files/chat-app

[info] 
=== Project Setup
[info] 
[info] First, let's associate this project directory with a Firebase project.
[info] You can create multiple project aliases by running firebase use --add, 
[info] but for now we'll just set up a default project.
[info] 
[debug] [2023-06-21T07:46:22.412Z] >>> [apiv2][query] GET https://firebase.googleapis.com/v1beta1/projects pageSize=100
[debug] [2023-06-21T07:46:23.408Z] <<< [apiv2][status] GET https://firebase.googleapis.com/v1beta1/projects 200
[debug] [2023-06-21T07:46:23.408Z] <<< [apiv2][body] GET https://firebase.googleapis.com/v1beta1/projects [omitted]
[info] i  Using project chat-app-ffced (chat-app) 
[info] 
=== Hosting Setup
[info] 
[info] Your public directory is the folder (relative to your project directory) that
[info] will contain Hosting assets to be uploaded with firebase deploy. If you
[info] have a build process for your assets, use your build's output directory.
[info] 
[info] ✔  Wrote public/404.html 
[debug] [2023-06-21T07:48:00.977Z] >>> [apiv2][query] GET https://www.gstatic.com/firebasejs/releases.json [none]
[debug] [2023-06-21T07:48:01.201Z] <<< [apiv2][status] GET https://www.gstatic.com/firebasejs/releases.json 200
[debug] [2023-06-21T07:48:01.201Z] <<< [apiv2][body] GET https://www.gstatic.com/firebasejs/releases.json {"current":{"version":"9.22.2","browserURL":"https://www.gstatic.com/firebasejs/9.22.2/firebase.js","packageURL":"https://www.gstatic.com/firebasejs/9.22.2/firebase.tgz"},"live":{"version":"9.22","browserURL":"https://www.gstatic.com/firebasejs/live/9.22/firebase.js","packageURL":"https://www.gstatic.com/firebasejs/live/9.22/firebase.tgz"},"components":{"analytics":"https://www.gstatic.com/firebasejs/9.22.2/firebase-analytics.js","app":"https://www.gstatic.com/firebasejs/9.22.2/firebase-app.js","app-check":"https://www.gstatic.com/firebasejs/9.22.2/firebase-app-check.js","auth":"https://www.gstatic.com/firebasejs/9.22.2/firebase-auth.js","auth/cordova":"https://www.gstatic.com/firebasejs/9.22.2/firebase-auth/cordova.js","auth/react-native":"https://www.gstatic.com/firebasejs/9.22.2/firebase-auth/react-native.js","functions":"https://www.gstatic.com/firebasejs/9.22.2/firebase-functions.js","firestore":"https://www.gstatic.com/firebasejs/9.22.2/firebase-firestore.js","firestore/lite":"https://www.gstatic.com/firebasejs/9.22.2/firebase-firestore/lite.js","installations":"https://www.gstatic.com/firebasejs/9.22.2/firebase-installations.js","storage":"https://www.gstatic.com/firebasejs/9.22.2/firebase-storage.js","performance":"https://www.gstatic.com/firebasejs/9.22.2/firebase-performance.js","remote-config":"https://www.gstatic.com/firebasejs/9.22.2/firebase-remote-config.js","messaging":"https://www.gstatic.com/firebasejs/9.22.2/firebase-messaging.js","messaging/sw":"https://www.gstatic.com/firebasejs/9.22.2/firebase-messaging/sw.js","database":"https://www.gstatic.com/firebasejs/9.22.2/firebase-database.js","firestore.memory":"https://www.gstatic.com/firebasejs/9.22.2/firebase-firestore.memory.js"}}
[info] i  Skipping write of public/index.html 
[info] 
[info] i  Detected a .git folder at /home/santhosh/Documents/workout-files/chat-app 
[info] i  Authorizing with GitHub to upload your service account to a GitHub repository's secrets store. 
[info] 
[info] Visit this URL on this device to log in:
[info] https://github.com/login/oauth/authorize?client_id=89cf50f02ac6aaed3484&state=753549601&redirect_uri=http%3A%2F%2Flocalhost%3A9005&scope=read%3Auser%20repo%20public_repo
[info] 
[info] Waiting for authentication...
[debug] [2023-06-21T07:48:50.540Z] >>> [apiv2][query] POST https://github.com/login/oauth/access_token [none]
[debug] [2023-06-21T07:48:50.541Z] >>> [apiv2][body] POST https://github.com/login/oauth/access_token [stream]
[debug] [2023-06-21T07:48:51.150Z] <<< [apiv2][status] POST https://github.com/login/oauth/access_token 200
[debug] [2023-06-21T07:48:51.150Z] <<< [apiv2][body] POST https://github.com/login/oauth/access_token {"access_token":"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","token_type":"bearer","scope":"read:user,repo"}
[debug] [2023-06-21T07:48:51.171Z] >>> [apiv2][query] GET https://api.github.com/user [none]
[debug] [2023-06-21T07:48:51.782Z] <<< [apiv2][status] GET https://api.github.com/user 200
[debug] [2023-06-21T07:48:51.783Z] <<< [apiv2][body] GET https://api.github.com/user {"login":"SanthoshPrabhakaranS","id":112478540,"node_id":"U_kgDOBrRJTA","avatar_url":"https://avatars.githubusercontent.com/u/112478540?v=4","gravatar_id":"","url":"https://api.github.com/users/SanthoshPrabhakaranS","html_url":"https://github.com/SanthoshPrabhakaranS","followers_url":"https://api.github.com/users/SanthoshPrabhakaranS/followers","following_url":"https://api.github.com/users/SanthoshPrabhakaranS/following{/other_user}","gists_url":"https://api.github.com/users/SanthoshPrabhakaranS/gists{/gist_id}","starred_url":"https://api.github.com/users/SanthoshPrabhakaranS/starred{/owner}{/repo}","subscriptions_url":"https://api.github.com/users/SanthoshPrabhakaranS/subscriptions","organizations_url":"https://api.github.com/users/SanthoshPrabhakaranS/orgs","repos_url":"https://api.github.com/users/SanthoshPrabhakaranS/repos","events_url":"https://api.github.com/users/SanthoshPrabhakaranS/events{/privacy}","received_events_url":"https://api.github.com/users/SanthoshPrabhakaranS/received_events","type":"User","site_admin":false,"name":null,"company":null,"blog":"","location":null,"email":null,"hireable":null,"bio":"Full-stack developer","twitter_username":null,"public_repos":19,"public_gists":0,"followers":0,"following":0,"created_at":"2022-08-30T10:04:47Z","updated_at":"2023-06-12T16:02:23Z","private_gists":0,"total_private_repos":0,"owned_private_repos":0,"disk_usage":262499,"collaborators":0,"two_factor_authentication":false,"plan":{"name":"free","space":976562499,"collaborators":0,"private_repos":10000}}
[info] 
[info] ✔  Success! Logged into GitHub as SanthoshPrabhakaranS 
[info] 
